0 info it worked if it ends with ok
1 verbose cli [ '/Users/morita/.anyenv/envs/ndenv/versions/v6.9.1/bin/node',
1 verbose cli   '/Users/morita/.anyenv/envs/ndenv/versions/v6.9.1/bin/npm',
1 verbose cli   'install',
1 verbose cli   'node',
1 verbose cli   'local',
1 verbose cli   'v4.6.0' ]
2 info using npm@3.10.8
3 info using node@v6.9.1
4 silly loadCurrentTree Starting
5 silly install loadCurrentTree
6 silly install readLocalPackageData
7 silly fetchPackageMetaData node
8 silly fetchPackageMetaData local
9 silly fetchPackageMetaData v4.6.0
10 silly fetchNamedPackageData node
11 silly mapToRegistry name node
12 silly mapToRegistry using default registry
13 silly mapToRegistry registry https://registry.npmjs.org/
14 silly mapToRegistry data Result {
14 silly mapToRegistry   raw: 'node',
14 silly mapToRegistry   scope: null,
14 silly mapToRegistry   escapedName: 'node',
14 silly mapToRegistry   name: 'node',
14 silly mapToRegistry   rawSpec: '',
14 silly mapToRegistry   spec: 'latest',
14 silly mapToRegistry   type: 'tag' }
15 silly mapToRegistry uri https://registry.npmjs.org/node
16 silly fetchNamedPackageData local
17 silly mapToRegistry name local
18 silly mapToRegistry using default registry
19 silly mapToRegistry registry https://registry.npmjs.org/
20 silly mapToRegistry data Result {
20 silly mapToRegistry   raw: 'local',
20 silly mapToRegistry   scope: null,
20 silly mapToRegistry   escapedName: 'local',
20 silly mapToRegistry   name: 'local',
20 silly mapToRegistry   rawSpec: '',
20 silly mapToRegistry   spec: 'latest',
20 silly mapToRegistry   type: 'tag' }
21 silly mapToRegistry uri https://registry.npmjs.org/local
22 silly fetchNamedPackageData v4.6.0
23 silly mapToRegistry name v4.6.0
24 silly mapToRegistry using default registry
25 silly mapToRegistry registry https://registry.npmjs.org/
26 silly mapToRegistry data Result {
26 silly mapToRegistry   raw: 'v4.6.0',
26 silly mapToRegistry   scope: null,
26 silly mapToRegistry   escapedName: 'v4.6.0',
26 silly mapToRegistry   name: 'v4.6.0',
26 silly mapToRegistry   rawSpec: '',
26 silly mapToRegistry   spec: 'latest',
26 silly mapToRegistry   type: 'tag' }
27 silly mapToRegistry uri https://registry.npmjs.org/v4.6.0
28 verbose request uri https://registry.npmjs.org/node
29 verbose request no auth needed
30 info attempt registry request try #1 at 09:26:54
31 verbose request id 00e72bd5b543a3c1
32 http request GET https://registry.npmjs.org/node
33 verbose request uri https://registry.npmjs.org/local
34 verbose request no auth needed
35 info attempt registry request try #1 at 09:26:54
36 http request GET https://registry.npmjs.org/local
37 verbose request uri https://registry.npmjs.org/v4.6.0
38 verbose request no auth needed
39 info attempt registry request try #1 at 09:26:54
40 http request GET https://registry.npmjs.org/v4.6.0
41 http 200 https://registry.npmjs.org/node
42 verbose headers { server: 'nginx/1.10.1',
42 verbose headers   'content-type': 'application/json',
42 verbose headers   'last-modified': 'Tue, 13 Oct 2015 00:37:12 GMT',
42 verbose headers   etag: 'W/"561c5238-43d"',
42 verbose headers   'content-encoding': 'gzip',
42 verbose headers   'cache-control': 'max-age=300',
42 verbose headers   'content-length': '550',
42 verbose headers   'accept-ranges': 'bytes',
42 verbose headers   date: 'Sat, 10 Dec 2016 00:26:32 GMT',
42 verbose headers   via: '1.1 varnish',
42 verbose headers   age: '0',
42 verbose headers   connection: 'keep-alive',
42 verbose headers   'x-served-by': 'cache-itm7424-ITM',
42 verbose headers   'x-cache': 'MISS',
42 verbose headers   'x-cache-hits': '0',
42 verbose headers   'x-timer': 'S1481329592.393226,VS0,VE125',
42 verbose headers   vary: 'Accept-Encoding' }
43 silly get cb [ 200,
43 silly get   { server: 'nginx/1.10.1',
43 silly get     'content-type': 'application/json',
43 silly get     'last-modified': 'Tue, 13 Oct 2015 00:37:12 GMT',
43 silly get     etag: 'W/"561c5238-43d"',
43 silly get     'content-encoding': 'gzip',
43 silly get     'cache-control': 'max-age=300',
43 silly get     'content-length': '550',
43 silly get     'accept-ranges': 'bytes',
43 silly get     date: 'Sat, 10 Dec 2016 00:26:32 GMT',
43 silly get     via: '1.1 varnish',
43 silly get     age: '0',
43 silly get     connection: 'keep-alive',
43 silly get     'x-served-by': 'cache-itm7424-ITM',
43 silly get     'x-cache': 'MISS',
43 silly get     'x-cache-hits': '0',
43 silly get     'x-timer': 'S1481329592.393226,VS0,VE125',
43 silly get     vary: 'Accept-Encoding' } ]
44 verbose get saving node to /Users/morita/.npm/registry.npmjs.org/node/.cache.json
45 verbose correctMkdir /Users/morita/.npm correctMkdir not in flight; initializing
46 http 200 https://registry.npmjs.org/local
47 verbose headers { server: 'nginx/1.10.1',
47 verbose headers   'content-type': 'application/json',
47 verbose headers   'last-modified': 'Wed, 06 Apr 2016 07:59:23 GMT',
47 verbose headers   etag: 'W/"5704c1db-1d5b"',
47 verbose headers   'content-encoding': 'gzip',
47 verbose headers   'cache-control': 'max-age=300',
47 verbose headers   'content-length': '2653',
47 verbose headers   'accept-ranges': 'bytes',
47 verbose headers   date: 'Sat, 10 Dec 2016 00:26:32 GMT',
47 verbose headers   via: '1.1 varnish',
47 verbose headers   age: '0',
47 verbose headers   connection: 'keep-alive',
47 verbose headers   'x-served-by': 'cache-itm7424-ITM',
47 verbose headers   'x-cache': 'MISS',
47 verbose headers   'x-cache-hits': '0',
47 verbose headers   'x-timer': 'S1481329592.398482,VS0,VE136',
47 verbose headers   vary: 'Accept-Encoding' }
48 silly get cb [ 200,
48 silly get   { server: 'nginx/1.10.1',
48 silly get     'content-type': 'application/json',
48 silly get     'last-modified': 'Wed, 06 Apr 2016 07:59:23 GMT',
48 silly get     etag: 'W/"5704c1db-1d5b"',
48 silly get     'content-encoding': 'gzip',
48 silly get     'cache-control': 'max-age=300',
48 silly get     'content-length': '2653',
48 silly get     'accept-ranges': 'bytes',
48 silly get     date: 'Sat, 10 Dec 2016 00:26:32 GMT',
48 silly get     via: '1.1 varnish',
48 silly get     age: '0',
48 silly get     connection: 'keep-alive',
48 silly get     'x-served-by': 'cache-itm7424-ITM',
48 silly get     'x-cache': 'MISS',
48 silly get     'x-cache-hits': '0',
48 silly get     'x-timer': 'S1481329592.398482,VS0,VE136',
48 silly get     vary: 'Accept-Encoding' } ]
49 verbose get saving local to /Users/morita/.npm/registry.npmjs.org/local/.cache.json
50 verbose correctMkdir /Users/morita/.npm correctMkdir not in flight; initializing
51 http 404 https://registry.npmjs.org/v4.6.0
52 verbose headers { 'content-type': 'application/json',
52 verbose headers   'cache-control': 'max-age=0',
52 verbose headers   'content-length': '2',
52 verbose headers   'accept-ranges': 'bytes',
52 verbose headers   date: 'Sat, 10 Dec 2016 00:26:33 GMT',
52 verbose headers   via: '1.1 varnish',
52 verbose headers   age: '0',
52 verbose headers   connection: 'keep-alive',
52 verbose headers   'x-served-by': 'cache-itm7422-ITM',
52 verbose headers   'x-cache': 'MISS',
52 verbose headers   'x-cache-hits': '0',
52 verbose headers   'x-timer': 'S1481329592.399412,VS0,VE816',
52 verbose headers   vary: 'Accept-Encoding' }
53 silly get cb [ 404,
53 silly get   { 'content-type': 'application/json',
53 silly get     'cache-control': 'max-age=0',
53 silly get     'content-length': '2',
53 silly get     'accept-ranges': 'bytes',
53 silly get     date: 'Sat, 10 Dec 2016 00:26:33 GMT',
53 silly get     via: '1.1 varnish',
53 silly get     age: '0',
53 silly get     connection: 'keep-alive',
53 silly get     'x-served-by': 'cache-itm7422-ITM',
53 silly get     'x-cache': 'MISS',
53 silly get     'x-cache-hits': '0',
53 silly get     'x-timer': 'S1481329592.399412,VS0,VE816',
53 silly get     vary: 'Accept-Encoding' } ]
54 silly fetchPackageMetaData Error: Registry returned 404 for GET on https://registry.npmjs.org/v4.6.0
54 silly fetchPackageMetaData     at makeError (/Users/morita/.anyenv/envs/ndenv/versions/v6.9.1/lib/node_modules/npm/node_modules/npm-registry-client/lib/request.js:302:12)
54 silly fetchPackageMetaData     at CachingRegistryClient.<anonymous> (/Users/morita/.anyenv/envs/ndenv/versions/v6.9.1/lib/node_modules/npm/node_modules/npm-registry-client/lib/request.js:280:14)
54 silly fetchPackageMetaData     at Request._callback (/Users/morita/.anyenv/envs/ndenv/versions/v6.9.1/lib/node_modules/npm/node_modules/npm-registry-client/lib/request.js:210:14)
54 silly fetchPackageMetaData     at Request.self.callback (/Users/morita/.anyenv/envs/ndenv/versions/v6.9.1/lib/node_modules/npm/node_modules/request/request.js:187:22)
54 silly fetchPackageMetaData     at emitTwo (events.js:106:13)
54 silly fetchPackageMetaData     at Request.emit (events.js:191:7)
54 silly fetchPackageMetaData     at Request.<anonymous> (/Users/morita/.anyenv/envs/ndenv/versions/v6.9.1/lib/node_modules/npm/node_modules/request/request.js:1044:10)
54 silly fetchPackageMetaData     at emitOne (events.js:96:13)
54 silly fetchPackageMetaData     at Request.emit (events.js:188:7)
54 silly fetchPackageMetaData     at IncomingMessage.<anonymous> (/Users/morita/.anyenv/envs/ndenv/versions/v6.9.1/lib/node_modules/npm/node_modules/request/request.js:965:12)
54 silly fetchPackageMetaData  error for v4.6.0 { Error: Registry returned 404 for GET on https://registry.npmjs.org/v4.6.0
54 silly fetchPackageMetaData     at makeError (/Users/morita/.anyenv/envs/ndenv/versions/v6.9.1/lib/node_modules/npm/node_modules/npm-registry-client/lib/request.js:302:12)
54 silly fetchPackageMetaData     at CachingRegistryClient.<anonymous> (/Users/morita/.anyenv/envs/ndenv/versions/v6.9.1/lib/node_modules/npm/node_modules/npm-registry-client/lib/request.js:280:14)
54 silly fetchPackageMetaData     at Request._callback (/Users/morita/.anyenv/envs/ndenv/versions/v6.9.1/lib/node_modules/npm/node_modules/npm-registry-client/lib/request.js:210:14)
54 silly fetchPackageMetaData     at Request.self.callback (/Users/morita/.anyenv/envs/ndenv/versions/v6.9.1/lib/node_modules/npm/node_modules/request/request.js:187:22)
54 silly fetchPackageMetaData     at emitTwo (events.js:106:13)
54 silly fetchPackageMetaData     at Request.emit (events.js:191:7)
54 silly fetchPackageMetaData     at Request.<anonymous> (/Users/morita/.anyenv/envs/ndenv/versions/v6.9.1/lib/node_modules/npm/node_modules/request/request.js:1044:10)
54 silly fetchPackageMetaData     at emitOne (events.js:96:13)
54 silly fetchPackageMetaData     at Request.emit (events.js:188:7)
54 silly fetchPackageMetaData     at IncomingMessage.<anonymous> (/Users/morita/.anyenv/envs/ndenv/versions/v6.9.1/lib/node_modules/npm/node_modules/request/request.js:965:12) pkgid: 'v4.6.0', statusCode: 404, code: 'E404' }
55 silly rollbackFailedOptional Starting
56 silly rollbackFailedOptional Finishing
57 silly runTopLevelLifecycles Finishing
58 silly install printInstalled
59 verbose stack Error: Registry returned 404 for GET on https://registry.npmjs.org/v4.6.0
59 verbose stack     at makeError (/Users/morita/.anyenv/envs/ndenv/versions/v6.9.1/lib/node_modules/npm/node_modules/npm-registry-client/lib/request.js:302:12)
59 verbose stack     at CachingRegistryClient.<anonymous> (/Users/morita/.anyenv/envs/ndenv/versions/v6.9.1/lib/node_modules/npm/node_modules/npm-registry-client/lib/request.js:280:14)
59 verbose stack     at Request._callback (/Users/morita/.anyenv/envs/ndenv/versions/v6.9.1/lib/node_modules/npm/node_modules/npm-registry-client/lib/request.js:210:14)
59 verbose stack     at Request.self.callback (/Users/morita/.anyenv/envs/ndenv/versions/v6.9.1/lib/node_modules/npm/node_modules/request/request.js:187:22)
59 verbose stack     at emitTwo (events.js:106:13)
59 verbose stack     at Request.emit (events.js:191:7)
59 verbose stack     at Request.<anonymous> (/Users/morita/.anyenv/envs/ndenv/versions/v6.9.1/lib/node_modules/npm/node_modules/request/request.js:1044:10)
59 verbose stack     at emitOne (events.js:96:13)
59 verbose stack     at Request.emit (events.js:188:7)
59 verbose stack     at IncomingMessage.<anonymous> (/Users/morita/.anyenv/envs/ndenv/versions/v6.9.1/lib/node_modules/npm/node_modules/request/request.js:965:12)
60 verbose statusCode 404
61 verbose pkgid v4.6.0
62 verbose cwd /Users/morita/Documents/ Project/components/slider
63 error Darwin 15.6.0
64 error argv "/Users/morita/.anyenv/envs/ndenv/versions/v6.9.1/bin/node" "/Users/morita/.anyenv/envs/ndenv/versions/v6.9.1/bin/npm" "install" "node" "local" "v4.6.0"
65 error node v6.9.1
66 error npm  v3.10.8
67 error code E404
68 error 404 Registry returned 404 for GET on https://registry.npmjs.org/v4.6.0
69 error 404
70 error 404 'v4.6.0' is not in the npm registry.
71 error 404 You should bug the author to publish it (or use the name yourself!)
72 error 404 Note that you can also install from a
73 error 404 tarball, folder, http url, or git url.
74 verbose exit [ 1, true ]
